<?xml version="1.0" encoding="UTF-8"?>
<coverage generated="1526877194426" clover="3.2.0">
  <project timestamp="1526877194426" name="All files">
    <metrics statements="157" coveredstatements="157" conditionals="90" coveredconditionals="86" methods="55" coveredmethods="55" elements="302" coveredelements="298" complexity="0" loc="157" ncloc="157" packages="2" files="7" classes="7">
      <package name="src">
        <metrics statements="6" coveredstatements="6" conditionals="0" coveredconditionals="0" methods="0" coveredmethods="0"/>
        <file name="constants.js" path="D:\Projects\GitHub\React-components\react-fixed-table-header\src\constants.js">
          <metrics statements="6" coveredstatements="6" conditionals="0" coveredconditionals="0" methods="0" coveredmethods="0"/>
          <line num="1" count="2" type="stmt"/>
          <line num="2" count="2" type="stmt"/>
          <line num="3" count="2" type="stmt"/>
          <line num="4" count="2" type="stmt"/>
          <line num="5" count="2" type="stmt"/>
          <line num="6" count="2" type="stmt"/>
        </file>
      </package>
      <package name="src.components">
        <metrics statements="151" coveredstatements="151" conditionals="90" coveredconditionals="86" methods="55" coveredmethods="55"/>
        <file name="Cell.jsx" path="D:\Projects\GitHub\React-components\react-fixed-table-header\src\components\Cell.jsx">
          <metrics statements="3" coveredstatements="3" conditionals="2" coveredconditionals="1" methods="2" coveredmethods="2"/>
          <line num="6" count="10" type="stmt"/>
          <line num="18" count="10" type="stmt"/>
          <line num="19" count="10" type="stmt"/>
        </file>
        <file name="Page.jsx" path="D:\Projects\GitHub\React-components\react-fixed-table-header\src\components\Page.jsx">
          <metrics statements="35" coveredstatements="35" conditionals="26" coveredconditionals="26" methods="21" coveredmethods="21"/>
          <line num="6" count="22" type="stmt"/>
          <line num="8" count="22" type="stmt"/>
          <line num="33" count="3" type="cond" truecount="2" falsecount="0"/>
          <line num="34" count="1" type="stmt"/>
          <line num="41" count="6" type="stmt"/>
          <line num="42" count="6" type="cond" truecount="2" falsecount="0"/>
          <line num="46" count="4" type="cond" truecount="2" falsecount="0"/>
          <line num="47" count="4" type="cond" truecount="2" falsecount="0"/>
          <line num="48" count="3" type="stmt"/>
          <line num="49" count="3" type="cond" truecount="4" falsecount="0"/>
          <line num="50" count="1" type="stmt"/>
          <line num="56" count="5" type="cond" truecount="2" falsecount="0"/>
          <line num="57" count="4" type="stmt"/>
          <line num="62" count="9" type="stmt"/>
          <line num="68" count="28" type="stmt"/>
          <line num="69" count="1" type="stmt"/>
          <line num="76" count="28" type="stmt"/>
          <line num="77" count="84" type="stmt"/>
          <line num="82" count="112" type="cond" truecount="2" falsecount="0"/>
          <line num="86" count="28" type="stmt"/>
          <line num="88" count="2" type="stmt"/>
          <line num="89" count="4" type="stmt"/>
          <line num="95" count="28" type="stmt"/>
          <line num="96" count="28" type="stmt"/>
          <line num="97" count="28" type="cond" truecount="2" falsecount="0"/>
          <line num="101" count="28" type="stmt"/>
          <line num="102" count="28" type="stmt"/>
          <line num="104" count="28" type="stmt"/>
          <line num="105" count="28" type="stmt"/>
          <line num="106" count="28" type="stmt"/>
          <line num="108" count="28" type="stmt"/>
          <line num="110" count="1" type="stmt"/>
          <line num="111" count="1" type="cond" truecount="3" falsecount="0"/>
          <line num="113" count="1" type="cond" truecount="3" falsecount="0"/>
          <line num="114" count="1" type="stmt"/>
        </file>
        <file name="Row.jsx" path="D:\Projects\GitHub\React-components\react-fixed-table-header\src\components\Row.jsx">
          <metrics statements="2" coveredstatements="2" conditionals="0" coveredconditionals="0" methods="2" coveredmethods="2"/>
          <line num="5" count="8" type="stmt"/>
          <line num="9" count="8" type="stmt"/>
        </file>
        <file name="RowLayout.jsx" path="D:\Projects\GitHub\React-components\react-fixed-table-header\src\components\RowLayout.jsx">
          <metrics statements="6" coveredstatements="6" conditionals="2" coveredconditionals="2" methods="4" coveredmethods="4"/>
          <line num="6" count="9" type="stmt"/>
          <line num="14" count="15" type="stmt"/>
          <line num="16" count="15" type="stmt"/>
          <line num="17" count="6" type="cond" truecount="2" falsecount="0"/>
          <line num="19" count="6" type="stmt"/>
          <line num="24" count="13" type="stmt"/>
        </file>
        <file name="Table.jsx" path="D:\Projects\GitHub\React-components\react-fixed-table-header\src\components\Table.jsx">
          <metrics statements="91" coveredstatements="91" conditionals="54" coveredconditionals="52" methods="20" coveredmethods="20"/>
          <line num="11" count="6" type="stmt"/>
          <line num="12" count="8" type="stmt"/>
          <line num="13" count="8" type="stmt"/>
          <line num="15" count="8" type="stmt"/>
          <line num="16" count="4" type="stmt"/>
          <line num="19" count="8" type="stmt"/>
          <line num="20" count="8" type="cond" truecount="2" falsecount="0"/>
          <line num="26" count="26" type="stmt"/>
          <line num="28" count="26" type="stmt"/>
          <line num="29" count="26" type="stmt"/>
          <line num="31" count="26" type="stmt"/>
          <line num="32" count="26" type="stmt"/>
          <line num="34" count="26" type="stmt"/>
          <line num="35" count="26" type="stmt"/>
          <line num="37" count="26" type="stmt"/>
          <line num="38" count="26" type="stmt"/>
          <line num="40" count="26" type="stmt"/>
          <line num="41" count="26" type="stmt"/>
          <line num="42" count="26" type="stmt"/>
          <line num="43" count="26" type="stmt"/>
          <line num="45" count="26" type="stmt"/>
          <line num="78" count="27" type="stmt"/>
          <line num="79" count="27" type="cond" truecount="4" falsecount="0"/>
          <line num="80" count="3" type="stmt"/>
          <line num="83" count="24" type="stmt"/>
          <line num="84" count="24" type="stmt"/>
          <line num="86" count="24" type="stmt"/>
          <line num="87" count="75" type="stmt"/>
          <line num="88" count="182" type="stmt"/>
          <line num="89" count="182" type="cond" truecount="2" falsecount="0"/>
          <line num="90" count="2" type="stmt"/>
          <line num="93" count="180" type="stmt"/>
          <line num="94" count="180" type="stmt"/>
          <line num="96" count="180" type="cond" truecount="4" falsecount="0"/>
          <line num="97" count="51" type="stmt"/>
          <line num="98" count="51" type="cond" truecount="2" falsecount="0"/>
          <line num="99" count="34" type="stmt"/>
          <line num="101" count="51" type="stmt"/>
          <line num="102" count="51" type="stmt"/>
          <line num="103" count="51" type="stmt"/>
          <line num="105" count="51" type="stmt"/>
          <line num="106" count="51" type="stmt"/>
          <line num="107" count="51" type="stmt"/>
          <line num="110" count="129" type="cond" truecount="2" falsecount="0"/>
          <line num="111" count="129" type="stmt"/>
          <line num="116" count="24" type="stmt"/>
          <line num="117" count="24" type="cond" truecount="2" falsecount="0"/>
          <line num="118" count="24" type="stmt"/>
          <line num="120" count="24" type="stmt"/>
          <line num="124" count="51" type="stmt"/>
          <line num="125" count="51" type="stmt"/>
          <line num="126" count="102" type="stmt"/>
          <line num="127" count="102" type="cond" truecount="2" falsecount="0"/>
          <line num="128" count="17" type="stmt"/>
          <line num="130" count="102" type="stmt"/>
          <line num="133" count="51" type="stmt"/>
          <line num="137" count="20" type="cond" truecount="5" falsecount="0"/>
          <line num="138" count="19" type="stmt"/>
          <line num="142" count="5" type="stmt"/>
          <line num="143" count="5" type="stmt"/>
          <line num="147" count="1" type="stmt"/>
          <line num="151" count="2" type="stmt"/>
          <line num="155" count="9" type="cond" truecount="2" falsecount="0"/>
          <line num="157" count="9" type="cond" truecount="4" falsecount="0"/>
          <line num="158" count="6" type="stmt"/>
          <line num="159" count="6" type="cond" truecount="2" falsecount="0"/>
          <line num="160" count="4" type="stmt"/>
          <line num="164" count="9" type="stmt"/>
          <line num="165" count="9" type="cond" truecount="2" falsecount="0"/>
          <line num="166" count="1" type="stmt"/>
          <line num="171" count="6" type="stmt"/>
          <line num="172" count="6" type="cond" truecount="2" falsecount="0"/>
          <line num="173" count="6" type="stmt"/>
          <line num="175" count="6" type="stmt"/>
          <line num="179" count="2" type="stmt"/>
          <line num="180" count="2" type="cond" truecount="2" falsecount="0"/>
          <line num="181" count="2" type="stmt"/>
          <line num="183" count="2" type="cond" truecount="2" falsecount="0"/>
          <line num="184" count="4" type="stmt"/>
          <line num="187" count="2" type="stmt"/>
          <line num="191" count="5" type="stmt"/>
          <line num="192" count="5" type="stmt"/>
          <line num="194" count="5" type="cond" truecount="2" falsecount="2"/>
          <line num="198" count="5" type="cond" truecount="2" falsecount="0"/>
          <line num="199" count="1" type="stmt"/>
          <line num="202" count="4" type="stmt"/>
          <line num="203" count="4" type="stmt"/>
          <line num="205" count="4" type="stmt"/>
          <line num="206" count="4" type="stmt"/>
          <line num="207" count="4" type="stmt"/>
          <line num="209" count="4" type="stmt"/>
        </file>
        <file name="tableSection.js" path="D:\Projects\GitHub\React-components\react-fixed-table-header\src\components\tableSection.js">
          <metrics statements="14" coveredstatements="14" conditionals="6" coveredconditionals="5" methods="6" coveredmethods="6"/>
          <line num="5" count="2" type="stmt"/>
          <line num="6" count="86" type="stmt"/>
          <line num="8" count="14" type="stmt"/>
          <line num="28" count="36" type="stmt"/>
          <line num="29" count="36" type="cond" truecount="2" falsecount="0"/>
          <line num="33" count="16" type="stmt"/>
          <line num="35" count="16" type="stmt"/>
          <line num="44" count="16" type="stmt"/>
          <line num="45" count="16" type="cond" truecount="1" falsecount="1"/>
          <line num="46" count="16" type="stmt"/>
          <line num="48" count="16" type="stmt"/>
          <line num="54" count="14" type="stmt"/>
          <line num="55" count="14" type="stmt"/>
          <line num="57" count="14" type="stmt"/>
        </file>
      </package>
    </metrics>
  </project>
</coverage>
