{"D:\\Projects\\GitHub\\React-components\\react-fixed-table-header\\src\\constants.js": {"path":"D:\\Projects\\GitHub\\React-components\\react-fixed-table-header\\src\\constants.js","statementMap":{"0":{"start":{"line":1,"column":32},"end":{"line":1,"column":34}},"1":{"start":{"line":2,"column":26},"end":{"line":2,"column":51}},"2":{"start":{"line":3,"column":22},"end":{"line":3,"column":24}},"3":{"start":{"line":4,"column":25},"end":{"line":4,"column":50}},"4":{"start":{"line":5,"column":47},"end":{"line":5,"column":50}},"5":{"start":{"line":6,"column":36},"end":{"line":6,"column":39}}},"fnMap":{},"branchMap":{},"s":{"0":2,"1":2,"2":2,"3":2,"4":2,"5":2},"f":{},"b":{},"_coverageSchema":"332fd63041d2c1bcb487cc26dd0d5f7d97098a6c","hash":"baab03e7e5e97410e11ce7439b6baf8e72c143b8"}
,"D:\\Projects\\GitHub\\React-components\\react-fixed-table-header\\src\\components\\Cell.jsx": {"path":"D:\\Projects\\GitHub\\React-components\\react-fixed-table-header\\src\\components\\Cell.jsx","statementMap":{"0":{"start":{"line":6,"column":8},"end":{"line":6,"column":21}},"1":{"start":{"line":18,"column":46},"end":{"line":18,"column":56}},"2":{"start":{"line":19,"column":8},"end":{"line":21,"column":10}}},"fnMap":{"0":{"name":"(anonymous_0)","decl":{"start":{"line":5,"column":4},"end":{"line":5,"column":5}},"loc":{"start":{"line":5,"column":23},"end":{"line":7,"column":5}},"line":5},"1":{"name":"(anonymous_1)","decl":{"start":{"line":17,"column":4},"end":{"line":17,"column":5}},"loc":{"start":{"line":17,"column":13},"end":{"line":22,"column":5}},"line":17}},"branchMap":{"0":{"loc":{"start":{"line":20,"column":12},"end":{"line":20,"column":104}},"type":"cond-expr","locations":[{"start":{"line":20,"column":21},"end":{"line":20,"column":61}},{"start":{"line":20,"column":64},"end":{"line":20,"column":104}}],"line":20}},"s":{"0":10,"1":10,"2":10},"f":{"0":10,"1":10},"b":{"0":[0,10]},"_coverageSchema":"332fd63041d2c1bcb487cc26dd0d5f7d97098a6c","hash":"317c19d3b697d3fd069c9564cf143f39747e7717"}
,"D:\\Projects\\GitHub\\React-components\\react-fixed-table-header\\src\\components\\Page.jsx": {"path":"D:\\Projects\\GitHub\\React-components\\react-fixed-table-header\\src\\components\\Page.jsx","statementMap":{"0":{"start":{"line":6,"column":8},"end":{"line":6,"column":21}},"1":{"start":{"line":8,"column":8},"end":{"line":10,"column":10}},"2":{"start":{"line":33,"column":8},"end":{"line":37,"column":9}},"3":{"start":{"line":34,"column":12},"end":{"line":36,"column":14}},"4":{"start":{"line":41,"column":8},"end":{"line":41,"column":33}},"5":{"start":{"line":42,"column":8},"end":{"line":42,"column":68}},"6":{"start":{"line":46,"column":22},"end":{"line":46,"column":53}},"7":{"start":{"line":47,"column":8},"end":{"line":52,"column":9}},"8":{"start":{"line":48,"column":24},"end":{"line":48,"column":55}},"9":{"start":{"line":49,"column":12},"end":{"line":51,"column":13}},"10":{"start":{"line":50,"column":16},"end":{"line":50,"column":69}},"11":{"start":{"line":56,"column":8},"end":{"line":58,"column":9}},"12":{"start":{"line":57,"column":12},"end":{"line":57,"column":25}},"13":{"start":{"line":62,"column":8},"end":{"line":64,"column":11}},"14":{"start":{"line":68,"column":8},"end":{"line":72,"column":10}},"15":{"start":{"line":69,"column":103},"end":{"line":69,"column":143}},"16":{"start":{"line":76,"column":8},"end":{"line":78,"column":11}},"17":{"start":{"line":77,"column":12},"end":{"line":77,"column":83}},"18":{"start":{"line":82,"column":8},"end":{"line":82,"column":166}},"19":{"start":{"line":82,"column":116},"end":{"line":82,"column":158}},"20":{"start":{"line":86,"column":8},"end":{"line":91,"column":20}},"21":{"start":{"line":88,"column":41},"end":{"line":88,"column":74}},"22":{"start":{"line":89,"column":40},"end":{"line":89,"column":72}},"23":{"start":{"line":95,"column":25},"end":{"line":95,"column":53}},"24":{"start":{"line":96,"column":23},"end":{"line":96,"column":39}},"25":{"start":{"line":97,"column":8},"end":{"line":97,"column":132}},"26":{"start":{"line":101,"column":61},"end":{"line":101,"column":82}},"27":{"start":{"line":102,"column":31},"end":{"line":102,"column":41}},"28":{"start":{"line":104,"column":26},"end":{"line":104,"column":53}},"29":{"start":{"line":105,"column":23},"end":{"line":105,"column":46}},"30":{"start":{"line":106,"column":26},"end":{"line":106,"column":55}},"31":{"start":{"line":108,"column":8},"end":{"line":117,"column":20}},"32":{"start":{"line":110,"column":75},"end":{"line":110,"column":101}},"33":{"start":{"line":111,"column":111},"end":{"line":111,"column":149}},"34":{"start":{"line":113,"column":111},"end":{"line":113,"column":149}},"35":{"start":{"line":114,"column":82},"end":{"line":114,"column":116}}},"fnMap":{"0":{"name":"(anonymous_0)","decl":{"start":{"line":5,"column":4},"end":{"line":5,"column":5}},"loc":{"start":{"line":5,"column":23},"end":{"line":11,"column":5}},"line":5},"1":{"name":"(anonymous_1)","decl":{"start":{"line":32,"column":4},"end":{"line":32,"column":5}},"loc":{"start":{"line":32,"column":41},"end":{"line":38,"column":5}},"line":32},"2":{"name":"(anonymous_2)","decl":{"start":{"line":40,"column":4},"end":{"line":40,"column":5}},"loc":{"start":{"line":40,"column":30},"end":{"line":43,"column":5}},"line":40},"3":{"name":"(anonymous_3)","decl":{"start":{"line":45,"column":20},"end":{"line":45,"column":21}},"loc":{"start":{"line":45,"column":38},"end":{"line":53,"column":5}},"line":45},"4":{"name":"(anonymous_4)","decl":{"start":{"line":55,"column":4},"end":{"line":55,"column":5}},"loc":{"start":{"line":55,"column":41},"end":{"line":59,"column":5}},"line":55},"5":{"name":"(anonymous_5)","decl":{"start":{"line":61,"column":4},"end":{"line":61,"column":5}},"loc":{"start":{"line":61,"column":29},"end":{"line":65,"column":5}},"line":61},"6":{"name":"(anonymous_6)","decl":{"start":{"line":67,"column":4},"end":{"line":67,"column":5}},"loc":{"start":{"line":67,"column":61},"end":{"line":73,"column":5}},"line":67},"7":{"name":"(anonymous_7)","decl":{"start":{"line":69,"column":96},"end":{"line":69,"column":97}},"loc":{"start":{"line":69,"column":103},"end":{"line":69,"column":143}},"line":69},"8":{"name":"(anonymous_8)","decl":{"start":{"line":75,"column":4},"end":{"line":75,"column":5}},"loc":{"start":{"line":75,"column":36},"end":{"line":79,"column":5}},"line":75},"9":{"name":"(anonymous_9)","decl":{"start":{"line":76,"column":28},"end":{"line":76,"column":29}},"loc":{"start":{"line":76,"column":45},"end":{"line":78,"column":9}},"line":76},"10":{"name":"(anonymous_10)","decl":{"start":{"line":81,"column":4},"end":{"line":81,"column":5}},"loc":{"start":{"line":81,"column":55},"end":{"line":83,"column":5}},"line":81},"11":{"name":"(anonymous_11)","decl":{"start":{"line":82,"column":110},"end":{"line":82,"column":111}},"loc":{"start":{"line":82,"column":116},"end":{"line":82,"column":158}},"line":82},"12":{"name":"(anonymous_12)","decl":{"start":{"line":85,"column":4},"end":{"line":85,"column":5}},"loc":{"start":{"line":85,"column":39},"end":{"line":92,"column":5}},"line":85},"13":{"name":"(anonymous_13)","decl":{"start":{"line":88,"column":34},"end":{"line":88,"column":35}},"loc":{"start":{"line":88,"column":41},"end":{"line":88,"column":74}},"line":88},"14":{"name":"(anonymous_14)","decl":{"start":{"line":89,"column":33},"end":{"line":89,"column":34}},"loc":{"start":{"line":89,"column":40},"end":{"line":89,"column":72}},"line":89},"15":{"name":"(anonymous_15)","decl":{"start":{"line":94,"column":4},"end":{"line":94,"column":5}},"loc":{"start":{"line":94,"column":48},"end":{"line":98,"column":5}},"line":94},"16":{"name":"(anonymous_16)","decl":{"start":{"line":100,"column":4},"end":{"line":100,"column":5}},"loc":{"start":{"line":100,"column":13},"end":{"line":118,"column":5}},"line":100},"17":{"name":"(anonymous_17)","decl":{"start":{"line":110,"column":69},"end":{"line":110,"column":70}},"loc":{"start":{"line":110,"column":75},"end":{"line":110,"column":101}},"line":110},"18":{"name":"(anonymous_18)","decl":{"start":{"line":111,"column":105},"end":{"line":111,"column":106}},"loc":{"start":{"line":111,"column":111},"end":{"line":111,"column":149}},"line":111},"19":{"name":"(anonymous_19)","decl":{"start":{"line":113,"column":105},"end":{"line":113,"column":106}},"loc":{"start":{"line":113,"column":111},"end":{"line":113,"column":149}},"line":113},"20":{"name":"(anonymous_20)","decl":{"start":{"line":114,"column":76},"end":{"line":114,"column":77}},"loc":{"start":{"line":114,"column":82},"end":{"line":114,"column":116}},"line":114}},"branchMap":{"0":{"loc":{"start":{"line":33,"column":8},"end":{"line":37,"column":9}},"type":"if","locations":[{"start":{"line":33,"column":8},"end":{"line":37,"column":9}},{"start":{"line":33,"column":8},"end":{"line":37,"column":9}}],"line":33},"1":{"loc":{"start":{"line":42,"column":8},"end":{"line":42,"column":67}},"type":"binary-expr","locations":[{"start":{"line":42,"column":8},"end":{"line":42,"column":27}},{"start":{"line":42,"column":31},"end":{"line":42,"column":67}}],"line":42},"2":{"loc":{"start":{"line":46,"column":22},"end":{"line":46,"column":53}},"type":"cond-expr","locations":[{"start":{"line":46,"column":34},"end":{"line":46,"column":43}},{"start":{"line":46,"column":46},"end":{"line":46,"column":53}}],"line":46},"3":{"loc":{"start":{"line":47,"column":8},"end":{"line":52,"column":9}},"type":"if","locations":[{"start":{"line":47,"column":8},"end":{"line":52,"column":9}},{"start":{"line":47,"column":8},"end":{"line":52,"column":9}}],"line":47},"4":{"loc":{"start":{"line":49,"column":12},"end":{"line":51,"column":13}},"type":"if","locations":[{"start":{"line":49,"column":12},"end":{"line":51,"column":13}},{"start":{"line":49,"column":12},"end":{"line":51,"column":13}}],"line":49},"5":{"loc":{"start":{"line":49,"column":16},"end":{"line":49,"column":47}},"type":"binary-expr","locations":[{"start":{"line":49,"column":16},"end":{"line":49,"column":25}},{"start":{"line":49,"column":29},"end":{"line":49,"column":47}}],"line":49},"6":{"loc":{"start":{"line":56,"column":8},"end":{"line":58,"column":9}},"type":"if","locations":[{"start":{"line":56,"column":8},"end":{"line":58,"column":9}},{"start":{"line":56,"column":8},"end":{"line":58,"column":9}}],"line":56},"7":{"loc":{"start":{"line":82,"column":71},"end":{"line":82,"column":97}},"type":"cond-expr","locations":[{"start":{"line":82,"column":83},"end":{"line":82,"column":92}},{"start":{"line":82,"column":95},"end":{"line":82,"column":97}}],"line":82},"8":{"loc":{"start":{"line":97,"column":65},"end":{"line":97,"column":104}},"type":"cond-expr","locations":[{"start":{"line":97,"column":86},"end":{"line":97,"column":95}},{"start":{"line":97,"column":98},"end":{"line":97,"column":104}}],"line":97},"9":{"loc":{"start":{"line":109,"column":78},"end":{"line":109,"column":103}},"type":"cond-expr","locations":[{"start":{"line":109,"column":87},"end":{"line":109,"column":94}},{"start":{"line":109,"column":97},"end":{"line":109,"column":103}}],"line":109},"10":{"loc":{"start":{"line":111,"column":51},"end":{"line":111,"column":103}},"type":"binary-expr","locations":[{"start":{"line":111,"column":51},"end":{"line":111,"column":60}},{"start":{"line":111,"column":64},"end":{"line":111,"column":78}},{"start":{"line":111,"column":82},"end":{"line":111,"column":103}}],"line":111},"11":{"loc":{"start":{"line":113,"column":51},"end":{"line":113,"column":103}},"type":"binary-expr","locations":[{"start":{"line":113,"column":51},"end":{"line":113,"column":60}},{"start":{"line":113,"column":64},"end":{"line":113,"column":86}},{"start":{"line":113,"column":90},"end":{"line":113,"column":103}}],"line":113}},"s":{"0":22,"1":22,"2":3,"3":1,"4":6,"5":6,"6":4,"7":4,"8":3,"9":3,"10":1,"11":5,"12":4,"13":9,"14":28,"15":1,"16":28,"17":84,"18":112,"19":5,"20":28,"21":2,"22":4,"23":28,"24":28,"25":28,"26":28,"27":28,"28":28,"29":28,"30":28,"31":28,"32":1,"33":1,"34":1,"35":1},"f":{"0":22,"1":3,"2":6,"3":4,"4":5,"5":9,"6":28,"7":1,"8":28,"9":84,"10":112,"11":5,"12":28,"13":2,"14":4,"15":28,"16":28,"17":1,"18":1,"19":1,"20":1},"b":{"0":[1,2],"1":[6,6],"2":[3,1],"3":[3,1],"4":[1,2],"5":[3,2],"6":[4,1],"7":[46,66],"8":[2,26],"9":[27,1],"10":[28,26,14],"11":[28,26,18]},"_coverageSchema":"332fd63041d2c1bcb487cc26dd0d5f7d97098a6c","hash":"2a970ccd0d2b37544024742cccb53bc47e760579"}
,"D:\\Projects\\GitHub\\React-components\\react-fixed-table-header\\src\\components\\Row.jsx": {"path":"D:\\Projects\\GitHub\\React-components\\react-fixed-table-header\\src\\components\\Row.jsx","statementMap":{"0":{"start":{"line":5,"column":8},"end":{"line":5,"column":20}},"1":{"start":{"line":9,"column":8},"end":{"line":11,"column":10}}},"fnMap":{"0":{"name":"(anonymous_0)","decl":{"start":{"line":4,"column":4},"end":{"line":4,"column":5}},"loc":{"start":{"line":4,"column":23},"end":{"line":6,"column":5}},"line":4},"1":{"name":"(anonymous_1)","decl":{"start":{"line":8,"column":4},"end":{"line":8,"column":5}},"loc":{"start":{"line":8,"column":13},"end":{"line":12,"column":5}},"line":8}},"branchMap":{},"s":{"0":8,"1":8},"f":{"0":8,"1":8},"b":{},"_coverageSchema":"332fd63041d2c1bcb487cc26dd0d5f7d97098a6c","hash":"1901cb04e35197955ab253e09b75731ce247ad85"}
,"D:\\Projects\\GitHub\\React-components\\react-fixed-table-header\\src\\components\\RowLayout.jsx": {"path":"D:\\Projects\\GitHub\\React-components\\react-fixed-table-header\\src\\components\\RowLayout.jsx","statementMap":{"0":{"start":{"line":6,"column":8},"end":{"line":6,"column":20}},"1":{"start":{"line":14,"column":33},"end":{"line":14,"column":43}},"2":{"start":{"line":16,"column":8},"end":{"line":20,"column":11}},"3":{"start":{"line":17,"column":26},"end":{"line":17,"column":73}},"4":{"start":{"line":19,"column":12},"end":{"line":19,"column":83}},"5":{"start":{"line":24,"column":8},"end":{"line":28,"column":10}}},"fnMap":{"0":{"name":"(anonymous_0)","decl":{"start":{"line":5,"column":4},"end":{"line":5,"column":5}},"loc":{"start":{"line":5,"column":23},"end":{"line":7,"column":5}},"line":5},"1":{"name":"(anonymous_1)","decl":{"start":{"line":13,"column":4},"end":{"line":13,"column":5}},"loc":{"start":{"line":13,"column":20},"end":{"line":21,"column":5}},"line":13},"2":{"name":"(anonymous_2)","decl":{"start":{"line":16,"column":32},"end":{"line":16,"column":33}},"loc":{"start":{"line":16,"column":54},"end":{"line":20,"column":9}},"line":16},"3":{"name":"(anonymous_3)","decl":{"start":{"line":23,"column":4},"end":{"line":23,"column":5}},"loc":{"start":{"line":23,"column":13},"end":{"line":29,"column":5}},"line":23}},"branchMap":{"0":{"loc":{"start":{"line":17,"column":26},"end":{"line":17,"column":73}},"type":"cond-expr","locations":[{"start":{"line":17,"column":45},"end":{"line":17,"column":54}},{"start":{"line":17,"column":57},"end":{"line":17,"column":73}}],"line":17}},"s":{"0":9,"1":15,"2":15,"3":6,"4":6,"5":13},"f":{"0":9,"1":15,"2":6,"3":13},"b":{"0":[2,4]},"_coverageSchema":"332fd63041d2c1bcb487cc26dd0d5f7d97098a6c","hash":"5f5720c2b5947a40fce68faafe1189865d205f2b"}
,"D:\\Projects\\GitHub\\React-components\\react-fixed-table-header\\src\\components\\Table.jsx": {"path":"D:\\Projects\\GitHub\\React-components\\react-fixed-table-header\\src\\components\\Table.jsx","statementMap":{"0":{"start":{"line":11,"column":4},"end":{"line":21,"column":6}},"1":{"start":{"line":12,"column":24},"end":{"line":12,"column":28}},"2":{"start":{"line":13,"column":19},"end":{"line":13,"column":28}},"3":{"start":{"line":15,"column":22},"end":{"line":17,"column":9}},"4":{"start":{"line":16,"column":12},"end":{"line":16,"column":38}},"5":{"start":{"line":19,"column":8},"end":{"line":19,"column":30}},"6":{"start":{"line":20,"column":8},"end":{"line":20,"column":77}},"7":{"start":{"line":26,"column":8},"end":{"line":26,"column":21}},"8":{"start":{"line":28,"column":8},"end":{"line":28,"column":32}},"9":{"start":{"line":29,"column":8},"end":{"line":29,"column":34}},"10":{"start":{"line":31,"column":37},"end":{"line":31,"column":84}},"11":{"start":{"line":32,"column":8},"end":{"line":32,"column":63}},"12":{"start":{"line":34,"column":35},"end":{"line":34,"column":111}},"13":{"start":{"line":34,"column":83},"end":{"line":34,"column":109}},"14":{"start":{"line":35,"column":8},"end":{"line":35,"column":59}},"15":{"start":{"line":37,"column":37},"end":{"line":37,"column":117}},"16":{"start":{"line":37,"column":87},"end":{"line":37,"column":115}},"17":{"start":{"line":38,"column":8},"end":{"line":38,"column":63}},"18":{"start":{"line":40,"column":57},"end":{"line":40,"column":67}},"19":{"start":{"line":41,"column":8},"end":{"line":41,"column":47}},"20":{"start":{"line":42,"column":8},"end":{"line":42,"column":64}},"21":{"start":{"line":43,"column":8},"end":{"line":43,"column":45}},"22":{"start":{"line":45,"column":8},"end":{"line":48,"column":9}},"23":{"start":{"line":78,"column":30},"end":{"line":78,"column":55}},"24":{"start":{"line":79,"column":8},"end":{"line":81,"column":9}},"25":{"start":{"line":80,"column":12},"end":{"line":80,"column":24}},"26":{"start":{"line":83,"column":29},"end":{"line":83,"column":31}},"27":{"start":{"line":84,"column":42},"end":{"line":84,"column":44}},"28":{"start":{"line":86,"column":32},"end":{"line":114,"column":9}},"29":{"start":{"line":87,"column":12},"end":{"line":113,"column":13}},"30":{"start":{"line":88,"column":29},"end":{"line":88,"column":37}},"31":{"start":{"line":89,"column":16},"end":{"line":91,"column":17}},"32":{"start":{"line":90,"column":20},"end":{"line":90,"column":29}},"33":{"start":{"line":93,"column":34},"end":{"line":93,"column":44}},"34":{"start":{"line":94,"column":32},"end":{"line":94,"column":57}},"35":{"start":{"line":96,"column":16},"end":{"line":112,"column":17}},"36":{"start":{"line":97,"column":41},"end":{"line":97,"column":60}},"37":{"start":{"line":98,"column":20},"end":{"line":100,"column":21}},"38":{"start":{"line":99,"column":24},"end":{"line":99,"column":68}},"39":{"start":{"line":101,"column":46},"end":{"line":101,"column":85}},"40":{"start":{"line":102,"column":44},"end":{"line":102,"column":75}},"41":{"start":{"line":103,"column":38},"end":{"line":103,"column":77}},"42":{"start":{"line":105,"column":45},"end":{"line":105,"column":117}},"43":{"start":{"line":106,"column":20},"end":{"line":106,"column":87}},"44":{"start":{"line":107,"column":20},"end":{"line":107,"column":68}},"45":{"start":{"line":110,"column":38},"end":{"line":110,"column":100}},"46":{"start":{"line":111,"column":20},"end":{"line":111,"column":49}},"47":{"start":{"line":116,"column":32},"end":{"line":116,"column":33}},"48":{"start":{"line":117,"column":25},"end":{"line":117,"column":111}},"49":{"start":{"line":118,"column":8},"end":{"line":118,"column":51}},"50":{"start":{"line":120,"column":8},"end":{"line":120,"column":28}},"51":{"start":{"line":124,"column":29},"end":{"line":124,"column":31}},"52":{"start":{"line":125,"column":8},"end":{"line":131,"column":9}},"53":{"start":{"line":126,"column":25},"end":{"line":126,"column":33}},"54":{"start":{"line":127,"column":12},"end":{"line":129,"column":13}},"55":{"start":{"line":128,"column":16},"end":{"line":128,"column":33}},"56":{"start":{"line":130,"column":12},"end":{"line":130,"column":36}},"57":{"start":{"line":133,"column":8},"end":{"line":133,"column":28}},"58":{"start":{"line":137,"column":8},"end":{"line":138,"column":82}},"59":{"start":{"line":137,"column":94},"end":{"line":137,"column":115}},"60":{"start":{"line":138,"column":63},"end":{"line":138,"column":77}},"61":{"start":{"line":142,"column":8},"end":{"line":142,"column":29}},"62":{"start":{"line":143,"column":8},"end":{"line":143,"column":72}},"63":{"start":{"line":147,"column":8},"end":{"line":147,"column":74}},"64":{"start":{"line":151,"column":8},"end":{"line":151,"column":68}},"65":{"start":{"line":155,"column":8},"end":{"line":155,"column":40}},"66":{"start":{"line":157,"column":8},"end":{"line":162,"column":9}},"67":{"start":{"line":158,"column":31},"end":{"line":158,"column":58}},"68":{"start":{"line":159,"column":12},"end":{"line":161,"column":13}},"69":{"start":{"line":160,"column":16},"end":{"line":160,"column":61}},"70":{"start":{"line":164,"column":25},"end":{"line":164,"column":67}},"71":{"start":{"line":165,"column":8},"end":{"line":167,"column":9}},"72":{"start":{"line":166,"column":12},"end":{"line":166,"column":40}},"73":{"start":{"line":171,"column":29},"end":{"line":171,"column":47}},"74":{"start":{"line":172,"column":29},"end":{"line":172,"column":85}},"75":{"start":{"line":173,"column":35},"end":{"line":173,"column":120}},"76":{"start":{"line":175,"column":8},"end":{"line":175,"column":34}},"77":{"start":{"line":179,"column":37},"end":{"line":179,"column":47}},"78":{"start":{"line":180,"column":31},"end":{"line":180,"column":70}},"79":{"start":{"line":181,"column":8},"end":{"line":181,"column":62}},"80":{"start":{"line":183,"column":32},"end":{"line":185,"column":10}},"81":{"start":{"line":184,"column":12},"end":{"line":184,"column":69}},"82":{"start":{"line":187,"column":8},"end":{"line":187,"column":31}},"83":{"start":{"line":191,"column":101},"end":{"line":191,"column":111}},"84":{"start":{"line":192,"column":25},"end":{"line":192,"column":44}},"85":{"start":{"line":194,"column":32},"end":{"line":196,"column":29}},"86":{"start":{"line":198,"column":8},"end":{"line":200,"column":9}},"87":{"start":{"line":199,"column":12},"end":{"line":199,"column":24}},"88":{"start":{"line":202,"column":29},"end":{"line":202,"column":69}},"89":{"start":{"line":203,"column":26},"end":{"line":203,"column":70}},"90":{"start":{"line":205,"column":23},"end":{"line":205,"column":34}},"91":{"start":{"line":206,"column":21},"end":{"line":206,"column":30}},"92":{"start":{"line":207,"column":23},"end":{"line":207,"column":34}},"93":{"start":{"line":209,"column":8},"end":{"line":237,"column":9}}},"fnMap":{"0":{"name":"debounce","decl":{"start":{"line":9,"column":9},"end":{"line":9,"column":17}},"loc":{"start":{"line":9,"column":30},"end":{"line":22,"column":1}},"line":9},"1":{"name":"(anonymous_1)","decl":{"start":{"line":11,"column":11},"end":{"line":11,"column":12}},"loc":{"start":{"line":11,"column":23},"end":{"line":21,"column":5}},"line":11},"2":{"name":"(anonymous_2)","decl":{"start":{"line":15,"column":22},"end":{"line":15,"column":23}},"loc":{"start":{"line":15,"column":34},"end":{"line":17,"column":9}},"line":15},"3":{"name":"(anonymous_3)","decl":{"start":{"line":25,"column":4},"end":{"line":25,"column":5}},"loc":{"start":{"line":25,"column":23},"end":{"line":49,"column":5}},"line":25},"4":{"name":"(anonymous_4)","decl":{"start":{"line":34,"column":72},"end":{"line":34,"column":73}},"loc":{"start":{"line":34,"column":83},"end":{"line":34,"column":109}},"line":34},"5":{"name":"(anonymous_5)","decl":{"start":{"line":37,"column":76},"end":{"line":37,"column":77}},"loc":{"start":{"line":37,"column":87},"end":{"line":37,"column":115}},"line":37},"6":{"name":"(anonymous_6)","decl":{"start":{"line":77,"column":4},"end":{"line":77,"column":5}},"loc":{"start":{"line":77,"column":33},"end":{"line":121,"column":5}},"line":77},"7":{"name":"(anonymous_7)","decl":{"start":{"line":86,"column":32},"end":{"line":86,"column":33}},"loc":{"start":{"line":86,"column":60},"end":{"line":114,"column":9}},"line":86},"8":{"name":"(anonymous_8)","decl":{"start":{"line":123,"column":4},"end":{"line":123,"column":5}},"loc":{"start":{"line":123,"column":60},"end":{"line":134,"column":5}},"line":123},"9":{"name":"(anonymous_9)","decl":{"start":{"line":136,"column":4},"end":{"line":136,"column":5}},"loc":{"start":{"line":136,"column":25},"end":{"line":139,"column":5}},"line":136},"10":{"name":"(anonymous_10)","decl":{"start":{"line":137,"column":89},"end":{"line":137,"column":90}},"loc":{"start":{"line":137,"column":94},"end":{"line":137,"column":115}},"line":137},"11":{"name":"(anonymous_11)","decl":{"start":{"line":138,"column":44},"end":{"line":138,"column":45}},"loc":{"start":{"line":138,"column":63},"end":{"line":138,"column":77}},"line":138},"12":{"name":"(anonymous_12)","decl":{"start":{"line":141,"column":4},"end":{"line":141,"column":5}},"loc":{"start":{"line":141,"column":24},"end":{"line":144,"column":5}},"line":141},"13":{"name":"(anonymous_13)","decl":{"start":{"line":146,"column":4},"end":{"line":146,"column":5}},"loc":{"start":{"line":146,"column":27},"end":{"line":148,"column":5}},"line":146},"14":{"name":"(anonymous_14)","decl":{"start":{"line":150,"column":4},"end":{"line":150,"column":5}},"loc":{"start":{"line":150,"column":41},"end":{"line":152,"column":5}},"line":150},"15":{"name":"(anonymous_15)","decl":{"start":{"line":154,"column":20},"end":{"line":154,"column":21}},"loc":{"start":{"line":154,"column":31},"end":{"line":168,"column":5}},"line":154},"16":{"name":"(anonymous_16)","decl":{"start":{"line":170,"column":4},"end":{"line":170,"column":5}},"loc":{"start":{"line":170,"column":27},"end":{"line":176,"column":5}},"line":170},"17":{"name":"(anonymous_17)","decl":{"start":{"line":178,"column":4},"end":{"line":178,"column":5}},"loc":{"start":{"line":178,"column":30},"end":{"line":188,"column":5}},"line":178},"18":{"name":"(anonymous_18)","decl":{"start":{"line":183,"column":77},"end":{"line":183,"column":78}},"loc":{"start":{"line":183,"column":90},"end":{"line":185,"column":9}},"line":183},"19":{"name":"(anonymous_19)","decl":{"start":{"line":190,"column":4},"end":{"line":190,"column":5}},"loc":{"start":{"line":190,"column":13},"end":{"line":238,"column":5}},"line":190}},"branchMap":{"0":{"loc":{"start":{"line":20,"column":36},"end":{"line":20,"column":75}},"type":"binary-expr","locations":[{"start":{"line":20,"column":36},"end":{"line":20,"column":40}},{"start":{"line":20,"column":44},"end":{"line":20,"column":75}}],"line":20},"1":{"loc":{"start":{"line":79,"column":8},"end":{"line":81,"column":9}},"type":"if","locations":[{"start":{"line":79,"column":8},"end":{"line":81,"column":9}},{"start":{"line":79,"column":8},"end":{"line":81,"column":9}}],"line":79},"2":{"loc":{"start":{"line":79,"column":12},"end":{"line":79,"column":52}},"type":"binary-expr","locations":[{"start":{"line":79,"column":12},"end":{"line":79,"column":25}},{"start":{"line":79,"column":29},"end":{"line":79,"column":52}}],"line":79},"3":{"loc":{"start":{"line":89,"column":16},"end":{"line":91,"column":17}},"type":"if","locations":[{"start":{"line":89,"column":16},"end":{"line":91,"column":17}},{"start":{"line":89,"column":16},"end":{"line":91,"column":17}}],"line":89},"4":{"loc":{"start":{"line":96,"column":16},"end":{"line":112,"column":17}},"type":"if","locations":[{"start":{"line":96,"column":16},"end":{"line":112,"column":17}},{"start":{"line":96,"column":16},"end":{"line":112,"column":17}}],"line":96},"5":{"loc":{"start":{"line":96,"column":20},"end":{"line":96,"column":42}},"type":"binary-expr","locations":[{"start":{"line":96,"column":20},"end":{"line":96,"column":27}},{"start":{"line":96,"column":31},"end":{"line":96,"column":42}}],"line":96},"6":{"loc":{"start":{"line":98,"column":20},"end":{"line":100,"column":21}},"type":"if","locations":[{"start":{"line":98,"column":20},"end":{"line":100,"column":21}},{"start":{"line":98,"column":20},"end":{"line":100,"column":21}}],"line":98},"7":{"loc":{"start":{"line":110,"column":38},"end":{"line":110,"column":100}},"type":"cond-expr","locations":[{"start":{"line":110,"column":59},"end":{"line":110,"column":77}},{"start":{"line":110,"column":80},"end":{"line":110,"column":100}}],"line":110},"8":{"loc":{"start":{"line":117,"column":25},"end":{"line":117,"column":111}},"type":"cond-expr","locations":[{"start":{"line":117,"column":41},"end":{"line":117,"column":83}},{"start":{"line":117,"column":86},"end":{"line":117,"column":111}}],"line":117},"9":{"loc":{"start":{"line":127,"column":12},"end":{"line":129,"column":13}},"type":"if","locations":[{"start":{"line":127,"column":12},"end":{"line":129,"column":13}},{"start":{"line":127,"column":12},"end":{"line":129,"column":13}}],"line":127},"10":{"loc":{"start":{"line":137,"column":15},"end":{"line":138,"column":81}},"type":"cond-expr","locations":[{"start":{"line":138,"column":12},"end":{"line":138,"column":16}},{"start":{"line":138,"column":19},"end":{"line":138,"column":81}}],"line":137},"11":{"loc":{"start":{"line":137,"column":15},"end":{"line":137,"column":116}},"type":"binary-expr","locations":[{"start":{"line":137,"column":15},"end":{"line":137,"column":33}},{"start":{"line":137,"column":37},"end":{"line":137,"column":62}},{"start":{"line":137,"column":66},"end":{"line":137,"column":116}}],"line":137},"12":{"loc":{"start":{"line":155,"column":8},"end":{"line":155,"column":39}},"type":"binary-expr","locations":[{"start":{"line":155,"column":8},"end":{"line":155,"column":13}},{"start":{"line":155,"column":17},"end":{"line":155,"column":39}}],"line":155},"13":{"loc":{"start":{"line":157,"column":8},"end":{"line":162,"column":9}},"type":"if","locations":[{"start":{"line":157,"column":8},"end":{"line":162,"column":9}},{"start":{"line":157,"column":8},"end":{"line":162,"column":9}}],"line":157},"14":{"loc":{"start":{"line":157,"column":12},"end":{"line":157,"column":53}},"type":"binary-expr","locations":[{"start":{"line":157,"column":12},"end":{"line":157,"column":28}},{"start":{"line":157,"column":32},"end":{"line":157,"column":53}}],"line":157},"15":{"loc":{"start":{"line":159,"column":12},"end":{"line":161,"column":13}},"type":"if","locations":[{"start":{"line":159,"column":12},"end":{"line":161,"column":13}},{"start":{"line":159,"column":12},"end":{"line":161,"column":13}}],"line":159},"16":{"loc":{"start":{"line":165,"column":8},"end":{"line":167,"column":9}},"type":"if","locations":[{"start":{"line":165,"column":8},"end":{"line":167,"column":9}},{"start":{"line":165,"column":8},"end":{"line":167,"column":9}}],"line":165},"17":{"loc":{"start":{"line":172,"column":29},"end":{"line":172,"column":85}},"type":"cond-expr","locations":[{"start":{"line":172,"column":50},"end":{"line":172,"column":81}},{"start":{"line":172,"column":84},"end":{"line":172,"column":85}}],"line":172},"18":{"loc":{"start":{"line":180,"column":31},"end":{"line":180,"column":70}},"type":"cond-expr","locations":[{"start":{"line":180,"column":43},"end":{"line":180,"column":62}},{"start":{"line":180,"column":65},"end":{"line":180,"column":70}}],"line":180},"19":{"loc":{"start":{"line":183,"column":32},"end":{"line":185,"column":10}},"type":"binary-expr","locations":[{"start":{"line":183,"column":32},"end":{"line":183,"column":51}},{"start":{"line":183,"column":55},"end":{"line":185,"column":10}}],"line":183},"20":{"loc":{"start":{"line":194,"column":32},"end":{"line":196,"column":29}},"type":"cond-expr","locations":[{"start":{"line":195,"column":12},"end":{"line":195,"column":42}},{"start":{"line":196,"column":12},"end":{"line":196,"column":29}}],"line":194},"21":{"loc":{"start":{"line":194,"column":32},"end":{"line":194,"column":84}},"type":"binary-expr","locations":[{"start":{"line":194,"column":32},"end":{"line":194,"column":51}},{"start":{"line":194,"column":55},"end":{"line":194,"column":84}}],"line":194},"22":{"loc":{"start":{"line":198,"column":8},"end":{"line":200,"column":9}},"type":"if","locations":[{"start":{"line":198,"column":8},"end":{"line":200,"column":9}},{"start":{"line":198,"column":8},"end":{"line":200,"column":9}}],"line":198},"23":{"loc":{"start":{"line":217,"column":20},"end":{"line":221,"column":27}},"type":"binary-expr","locations":[{"start":{"line":217,"column":20},"end":{"line":217,"column":24}},{"start":{"line":218,"column":20},"end":{"line":221,"column":27}}],"line":217},"24":{"loc":{"start":{"line":225,"column":20},"end":{"line":229,"column":29}},"type":"binary-expr","locations":[{"start":{"line":225,"column":20},"end":{"line":225,"column":26}},{"start":{"line":226,"column":20},"end":{"line":229,"column":29}}],"line":225},"25":{"loc":{"start":{"line":233,"column":20},"end":{"line":234,"column":72}},"type":"binary-expr","locations":[{"start":{"line":233,"column":20},"end":{"line":233,"column":28}},{"start":{"line":233,"column":32},"end":{"line":233,"column":42}},{"start":{"line":234,"column":20},"end":{"line":234,"column":72}}],"line":233}},"s":{"0":6,"1":8,"2":8,"3":8,"4":4,"5":8,"6":8,"7":26,"8":26,"9":26,"10":26,"11":26,"12":26,"13":2,"14":26,"15":26,"16":2,"17":26,"18":26,"19":26,"20":26,"21":26,"22":26,"23":27,"24":27,"25":3,"26":24,"27":24,"28":24,"29":75,"30":182,"31":182,"32":2,"33":180,"34":180,"35":180,"36":51,"37":51,"38":34,"39":51,"40":51,"41":51,"42":51,"43":51,"44":51,"45":129,"46":129,"47":24,"48":24,"49":24,"50":24,"51":51,"52":51,"53":102,"54":102,"55":17,"56":102,"57":51,"58":14,"59":20,"60":19,"61":5,"62":5,"63":1,"64":2,"65":9,"66":9,"67":6,"68":6,"69":4,"70":9,"71":9,"72":1,"73":6,"74":6,"75":6,"76":6,"77":2,"78":2,"79":2,"80":2,"81":4,"82":2,"83":5,"84":5,"85":5,"86":5,"87":1,"88":4,"89":4,"90":4,"91":4,"92":4,"93":4},"f":{"0":6,"1":8,"2":4,"3":26,"4":2,"5":2,"6":27,"7":75,"8":51,"9":14,"10":20,"11":19,"12":5,"13":1,"14":2,"15":9,"16":6,"17":2,"18":4,"19":5},"b":{"0":[8,8],"1":[3,24],"2":[27,24],"3":[2,180],"4":[51,129],"5":[180,51],"6":[34,17],"7":[78,51],"8":[21,3],"9":[17,85],"10":[7,7],"11":[14,12,8],"12":[9,7],"13":[6,3],"14":[9,6],"15":[4,2],"16":[1,8],"17":[5,1],"18":[1,1],"19":[2,2],"20":[0,5],"21":[5,0],"22":[1,4],"23":[4,4],"24":[4,4],"25":[4,2,2]},"_coverageSchema":"332fd63041d2c1bcb487cc26dd0d5f7d97098a6c","hash":"c0594e368efd4e005424a2f03436e15798b7afb6"}
,"D:\\Projects\\GitHub\\React-components\\react-fixed-table-header\\src\\components\\tableSection.js": {"path":"D:\\Projects\\GitHub\\React-components\\react-fixed-table-header\\src\\components\\tableSection.js","statementMap":{"0":{"start":{"line":5,"column":27},"end":{"line":72,"column":1}},"1":{"start":{"line":6,"column":4},"end":{"line":71,"column":5}},"2":{"start":{"line":8,"column":12},"end":{"line":8,"column":25}},"3":{"start":{"line":28,"column":51},"end":{"line":28,"column":61}},"4":{"start":{"line":29,"column":12},"end":{"line":29,"column":48}},"5":{"start":{"line":33,"column":44},"end":{"line":33,"column":54}},"6":{"start":{"line":35,"column":12},"end":{"line":40,"column":14}},"7":{"start":{"line":44,"column":33},"end":{"line":44,"column":43}},"8":{"start":{"line":45,"column":29},"end":{"line":45,"column":101}},"9":{"start":{"line":46,"column":31},"end":{"line":46,"column":57}},"10":{"start":{"line":48,"column":12},"end":{"line":50,"column":13}},"11":{"start":{"line":54,"column":93},"end":{"line":54,"column":103}},"12":{"start":{"line":55,"column":64},"end":{"line":55,"column":86}},"13":{"start":{"line":57,"column":12},"end":{"line":69,"column":14}}},"fnMap":{"0":{"name":"(anonymous_0)","decl":{"start":{"line":5,"column":27},"end":{"line":5,"column":28}},"loc":{"start":{"line":5,"column":75},"end":{"line":72,"column":1}},"line":5},"1":{"name":"(anonymous_1)","decl":{"start":{"line":7,"column":8},"end":{"line":7,"column":9}},"loc":{"start":{"line":7,"column":27},"end":{"line":9,"column":9}},"line":7},"2":{"name":"(anonymous_2)","decl":{"start":{"line":27,"column":8},"end":{"line":27,"column":9}},"loc":{"start":{"line":27,"column":29},"end":{"line":30,"column":9}},"line":27},"3":{"name":"(anonymous_3)","decl":{"start":{"line":32,"column":8},"end":{"line":32,"column":9}},"loc":{"start":{"line":32,"column":29},"end":{"line":41,"column":9}},"line":32},"4":{"name":"(anonymous_4)","decl":{"start":{"line":43,"column":8},"end":{"line":43,"column":9}},"loc":{"start":{"line":43,"column":25},"end":{"line":51,"column":9}},"line":43},"5":{"name":"(anonymous_5)","decl":{"start":{"line":53,"column":8},"end":{"line":53,"column":9}},"loc":{"start":{"line":53,"column":17},"end":{"line":70,"column":9}},"line":53}},"branchMap":{"0":{"loc":{"start":{"line":29,"column":19},"end":{"line":29,"column":47}},"type":"cond-expr","locations":[{"start":{"line":29,"column":31},"end":{"line":29,"column":39}},{"start":{"line":29,"column":42},"end":{"line":29,"column":47}}],"line":29},"1":{"loc":{"start":{"line":45,"column":29},"end":{"line":45,"column":101}},"type":"cond-expr","locations":[{"start":{"line":45,"column":40},"end":{"line":45,"column":79}},{"start":{"line":45,"column":82},"end":{"line":45,"column":101}}],"line":45},"2":{"loc":{"start":{"line":62,"column":32},"end":{"line":64,"column":72}},"type":"cond-expr","locations":[{"start":{"line":63,"column":36},"end":{"line":63,"column":72}},{"start":{"line":64,"column":36},"end":{"line":64,"column":72}}],"line":62}},"s":{"0":2,"1":86,"2":14,"3":36,"4":36,"5":16,"6":16,"7":16,"8":16,"9":16,"10":16,"11":14,"12":14,"13":14},"f":{"0":86,"1":14,"2":36,"3":16,"4":16,"5":14},"b":{"0":[35,1],"1":[0,16],"2":[5,9]},"_coverageSchema":"332fd63041d2c1bcb487cc26dd0d5f7d97098a6c","hash":"6acb66551e976115c8ef9f436a640a080c25a2aa"}
}
