TN:
SF:D:\Projects\GitHub\React-components\react-fixed-table-header\src\constants.js
FNF:0
FNH:0
DA:1,2
DA:2,2
DA:3,2
DA:4,2
DA:5,2
DA:6,2
LF:6
LH:6
BRF:0
BRH:0
end_of_record
TN:
SF:D:\Projects\GitHub\React-components\react-fixed-table-header\src\components\Cell.jsx
FN:5,(anonymous_0)
FN:17,(anonymous_1)
FNF:2
FNH:2
FNDA:10,(anonymous_0)
FNDA:10,(anonymous_1)
DA:6,10
DA:18,10
DA:19,10
LF:3
LH:3
BRDA:20,0,0,0
BRDA:20,0,1,10
BRF:2
BRH:1
end_of_record
TN:
SF:D:\Projects\GitHub\React-components\react-fixed-table-header\src\components\Page.jsx
FN:5,(anonymous_0)
FN:32,(anonymous_1)
FN:40,(anonymous_2)
FN:45,(anonymous_3)
FN:55,(anonymous_4)
FN:61,(anonymous_5)
FN:67,(anonymous_6)
FN:69,(anonymous_7)
FN:75,(anonymous_8)
FN:76,(anonymous_9)
FN:81,(anonymous_10)
FN:82,(anonymous_11)
FN:85,(anonymous_12)
FN:88,(anonymous_13)
FN:89,(anonymous_14)
FN:94,(anonymous_15)
FN:100,(anonymous_16)
FN:110,(anonymous_17)
FN:111,(anonymous_18)
FN:113,(anonymous_19)
FN:114,(anonymous_20)
FNF:21
FNH:21
FNDA:22,(anonymous_0)
FNDA:3,(anonymous_1)
FNDA:6,(anonymous_2)
FNDA:4,(anonymous_3)
FNDA:5,(anonymous_4)
FNDA:9,(anonymous_5)
FNDA:28,(anonymous_6)
FNDA:1,(anonymous_7)
FNDA:28,(anonymous_8)
FNDA:84,(anonymous_9)
FNDA:112,(anonymous_10)
FNDA:5,(anonymous_11)
FNDA:28,(anonymous_12)
FNDA:2,(anonymous_13)
FNDA:4,(anonymous_14)
FNDA:28,(anonymous_15)
FNDA:28,(anonymous_16)
FNDA:1,(anonymous_17)
FNDA:1,(anonymous_18)
FNDA:1,(anonymous_19)
FNDA:1,(anonymous_20)
DA:6,22
DA:8,22
DA:33,3
DA:34,1
DA:41,6
DA:42,6
DA:46,4
DA:47,4
DA:48,3
DA:49,3
DA:50,1
DA:56,5
DA:57,4
DA:62,9
DA:68,28
DA:69,1
DA:76,28
DA:77,84
DA:82,112
DA:86,28
DA:88,2
DA:89,4
DA:95,28
DA:96,28
DA:97,28
DA:101,28
DA:102,28
DA:104,28
DA:105,28
DA:106,28
DA:108,28
DA:110,1
DA:111,1
DA:113,1
DA:114,1
LF:35
LH:35
BRDA:33,0,0,1
BRDA:33,0,1,2
BRDA:42,1,0,6
BRDA:42,1,1,6
BRDA:46,2,0,3
BRDA:46,2,1,1
BRDA:47,3,0,3
BRDA:47,3,1,1
BRDA:49,4,0,1
BRDA:49,4,1,2
BRDA:49,5,0,3
BRDA:49,5,1,2
BRDA:56,6,0,4
BRDA:56,6,1,1
BRDA:82,7,0,46
BRDA:82,7,1,66
BRDA:97,8,0,2
BRDA:97,8,1,26
BRDA:109,9,0,27
BRDA:109,9,1,1
BRDA:111,10,0,28
BRDA:111,10,1,26
BRDA:111,10,2,14
BRDA:113,11,0,28
BRDA:113,11,1,26
BRDA:113,11,2,18
BRF:26
BRH:26
end_of_record
TN:
SF:D:\Projects\GitHub\React-components\react-fixed-table-header\src\components\Row.jsx
FN:4,(anonymous_0)
FN:8,(anonymous_1)
FNF:2
FNH:2
FNDA:8,(anonymous_0)
FNDA:8,(anonymous_1)
DA:5,8
DA:9,8
LF:2
LH:2
BRF:0
BRH:0
end_of_record
TN:
SF:D:\Projects\GitHub\React-components\react-fixed-table-header\src\components\RowLayout.jsx
FN:5,(anonymous_0)
FN:13,(anonymous_1)
FN:16,(anonymous_2)
FN:23,(anonymous_3)
FNF:4
FNH:4
FNDA:9,(anonymous_0)
FNDA:15,(anonymous_1)
FNDA:6,(anonymous_2)
FNDA:13,(anonymous_3)
DA:6,9
DA:14,15
DA:16,15
DA:17,6
DA:19,6
DA:24,13
LF:6
LH:6
BRDA:17,0,0,2
BRDA:17,0,1,4
BRF:2
BRH:2
end_of_record
TN:
SF:D:\Projects\GitHub\React-components\react-fixed-table-header\src\components\Table.jsx
FN:9,debounce
FN:11,(anonymous_1)
FN:15,(anonymous_2)
FN:25,(anonymous_3)
FN:34,(anonymous_4)
FN:37,(anonymous_5)
FN:77,(anonymous_6)
FN:86,(anonymous_7)
FN:123,(anonymous_8)
FN:136,(anonymous_9)
FN:137,(anonymous_10)
FN:138,(anonymous_11)
FN:141,(anonymous_12)
FN:146,(anonymous_13)
FN:150,(anonymous_14)
FN:154,(anonymous_15)
FN:170,(anonymous_16)
FN:178,(anonymous_17)
FN:183,(anonymous_18)
FN:190,(anonymous_19)
FNF:20
FNH:20
FNDA:6,debounce
FNDA:8,(anonymous_1)
FNDA:4,(anonymous_2)
FNDA:26,(anonymous_3)
FNDA:2,(anonymous_4)
FNDA:2,(anonymous_5)
FNDA:27,(anonymous_6)
FNDA:75,(anonymous_7)
FNDA:51,(anonymous_8)
FNDA:14,(anonymous_9)
FNDA:20,(anonymous_10)
FNDA:19,(anonymous_11)
FNDA:5,(anonymous_12)
FNDA:1,(anonymous_13)
FNDA:2,(anonymous_14)
FNDA:9,(anonymous_15)
FNDA:6,(anonymous_16)
FNDA:2,(anonymous_17)
FNDA:4,(anonymous_18)
FNDA:5,(anonymous_19)
DA:11,6
DA:12,8
DA:13,8
DA:15,8
DA:16,4
DA:19,8
DA:20,8
DA:26,26
DA:28,26
DA:29,26
DA:31,26
DA:32,26
DA:34,26
DA:35,26
DA:37,26
DA:38,26
DA:40,26
DA:41,26
DA:42,26
DA:43,26
DA:45,26
DA:78,27
DA:79,27
DA:80,3
DA:83,24
DA:84,24
DA:86,24
DA:87,75
DA:88,182
DA:89,182
DA:90,2
DA:93,180
DA:94,180
DA:96,180
DA:97,51
DA:98,51
DA:99,34
DA:101,51
DA:102,51
DA:103,51
DA:105,51
DA:106,51
DA:107,51
DA:110,129
DA:111,129
DA:116,24
DA:117,24
DA:118,24
DA:120,24
DA:124,51
DA:125,51
DA:126,102
DA:127,102
DA:128,17
DA:130,102
DA:133,51
DA:137,20
DA:138,19
DA:142,5
DA:143,5
DA:147,1
DA:151,2
DA:155,9
DA:157,9
DA:158,6
DA:159,6
DA:160,4
DA:164,9
DA:165,9
DA:166,1
DA:171,6
DA:172,6
DA:173,6
DA:175,6
DA:179,2
DA:180,2
DA:181,2
DA:183,2
DA:184,4
DA:187,2
DA:191,5
DA:192,5
DA:194,5
DA:198,5
DA:199,1
DA:202,4
DA:203,4
DA:205,4
DA:206,4
DA:207,4
DA:209,4
LF:91
LH:91
BRDA:20,0,0,8
BRDA:20,0,1,8
BRDA:79,1,0,3
BRDA:79,1,1,24
BRDA:79,2,0,27
BRDA:79,2,1,24
BRDA:89,3,0,2
BRDA:89,3,1,180
BRDA:96,4,0,51
BRDA:96,4,1,129
BRDA:96,5,0,180
BRDA:96,5,1,51
BRDA:98,6,0,34
BRDA:98,6,1,17
BRDA:110,7,0,78
BRDA:110,7,1,51
BRDA:117,8,0,21
BRDA:117,8,1,3
BRDA:127,9,0,17
BRDA:127,9,1,85
BRDA:137,10,0,7
BRDA:137,10,1,7
BRDA:137,11,0,14
BRDA:137,11,1,12
BRDA:137,11,2,8
BRDA:155,12,0,9
BRDA:155,12,1,7
BRDA:157,13,0,6
BRDA:157,13,1,3
BRDA:157,14,0,9
BRDA:157,14,1,6
BRDA:159,15,0,4
BRDA:159,15,1,2
BRDA:165,16,0,1
BRDA:165,16,1,8
BRDA:172,17,0,5
BRDA:172,17,1,1
BRDA:180,18,0,1
BRDA:180,18,1,1
BRDA:183,19,0,2
BRDA:183,19,1,2
BRDA:194,20,0,0
BRDA:194,20,1,5
BRDA:194,21,0,5
BRDA:194,21,1,0
BRDA:198,22,0,1
BRDA:198,22,1,4
BRDA:217,23,0,4
BRDA:217,23,1,4
BRDA:225,24,0,4
BRDA:225,24,1,4
BRDA:233,25,0,4
BRDA:233,25,1,2
BRDA:233,25,2,2
BRF:54
BRH:52
end_of_record
TN:
SF:D:\Projects\GitHub\React-components\react-fixed-table-header\src\components\tableSection.js
FN:5,(anonymous_0)
FN:7,(anonymous_1)
FN:27,(anonymous_2)
FN:32,(anonymous_3)
FN:43,(anonymous_4)
FN:53,(anonymous_5)
FNF:6
FNH:6
FNDA:86,(anonymous_0)
FNDA:14,(anonymous_1)
FNDA:36,(anonymous_2)
FNDA:16,(anonymous_3)
FNDA:16,(anonymous_4)
FNDA:14,(anonymous_5)
DA:5,2
DA:6,86
DA:8,14
DA:28,36
DA:29,36
DA:33,16
DA:35,16
DA:44,16
DA:45,16
DA:46,16
DA:48,16
DA:54,14
DA:55,14
DA:57,14
LF:14
LH:14
BRDA:29,0,0,35
BRDA:29,0,1,1
BRDA:45,1,0,0
BRDA:45,1,1,16
BRDA:62,2,0,5
BRDA:62,2,1,9
BRF:6
BRH:5
end_of_record
